<?xml version="1.0" encoding="utf-8"?><testsuites name="pytest tests"><testsuite name="pytest" errors="0" failures="0" skipped="0" tests="25" time="39.115" timestamp="2026-03-04T14:01:07.324297+00:00" hostname="agent-env-b9c22605-516b-409a-bb34-3428200398c4"><testcase classname="backend.tests.test_lead_engine.TestEntityExtraction" name="test_extract_email" time="0.138" /><testcase classname="backend.tests.test_lead_engine.TestEntityExtraction" name="test_extract_domain" time="0.173" /><testcase classname="backend.tests.test_lead_engine.TestEntityExtraction" name="test_extract_ip_address" time="0.105" /><testcase classname="backend.tests.test_lead_engine.TestEntityExtraction" name="test_extract_wallet_addresses" time="0.113" /><testcase classname="backend.tests.test_lead_engine.TestEntityExtraction" name="test_extract_username" time="0.125" /><testcase classname="backend.tests.test_lead_engine.TestEntityExtraction" name="test_extraction_returns_patterns_checked" time="0.119" /><testcase classname="backend.tests.test_lead_engine.TestEntityEnrichment" name="test_enrich_email" time="0.109" /><testcase classname="backend.tests.test_lead_engine.TestEntityEnrichment" name="test_enrich_domain" time="0.123" /><testcase classname="backend.tests.test_lead_engine.TestEntityEnrichment" name="test_enrich_wallet" time="0.109" /><testcase classname="backend.tests.test_lead_engine.TestEntityEnrichment" name="test_enrich_ip" time="0.111" /><testcase classname="backend.tests.test_lead_engine.TestGraphAnalysis" name="test_graph_analyze" time="1.459" /><testcase classname="backend.tests.test_lead_engine.TestGraphAnalysis" name="test_graph_clusters" time="1.435" /><testcase classname="backend.tests.test_lead_engine.TestGraphAnalysis" name="test_graph_suspicious_patterns" time="1.390" /><testcase classname="backend.tests.test_lead_engine.TestLeadEngine" name="test_generate_leads" time="1.965" /><testcase classname="backend.tests.test_lead_engine.TestLeadEngine" name="test_leads_have_required_fields" time="1.957" /><testcase classname="backend.tests.test_lead_engine.TestLeadEngine" name="test_leads_have_suggested_actions" time="1.995" /><testcase classname="backend.tests.test_lead_engine.TestLeadEngine" name="test_get_leads" time="2.177" /><testcase classname="backend.tests.test_lead_engine.TestLeadEngine" name="test_get_leads_with_status_filter" time="2.203" /><testcase classname="backend.tests.test_lead_engine.TestLeadEngine" name="test_update_lead_status_to_investigating" time="2.162" /><testcase classname="backend.tests.test_lead_engine.TestLeadEngine" name="test_update_lead_status_to_confirmed" time="2.073" /><testcase classname="backend.tests.test_lead_engine.TestLeadEngine" name="test_update_lead_status_to_dismissed" time="13.356" /><testcase classname="backend.tests.test_lead_engine.TestLeadEngine" name="test_delete_lead" time="2.145" /><testcase classname="backend.tests.test_lead_engine.TestLeadPatterns" name="test_alias_cluster_pattern" time="0.853" /><testcase classname="backend.tests.test_lead_engine.TestLeadMetadata" name="test_leads_contain_metadata" time="1.276" /><testcase classname="backend.tests.test_lead_engine.TestLeadMetadata" name="test_leads_contain_affected_entities" time="1.339" /></testsuite></testsuites>