<?xml version="1.0" encoding="utf-8"?><testsuites name="pytest tests"><testsuite name="pytest" errors="0" failures="0" skipped="0" tests="18" time="61.363" timestamp="2026-03-04T14:27:59.784653+00:00" hostname="agent-env-c74027bc-f7f1-4e3d-982d-359199b48f9b"><testcase classname="backend.tests.test_phase1_features.TestEvidenceCategories" name="test_get_evidence_categories" time="0.174" /><testcase classname="backend.tests.test_phase1_features.TestEntityExtraction" name="test_extract_emails" time="0.142" /><testcase classname="backend.tests.test_phase1_features.TestEntityExtraction" name="test_extract_domains" time="0.167" /><testcase classname="backend.tests.test_phase1_features.TestEntityExtraction" name="test_extract_ip_addresses" time="0.124" /><testcase classname="backend.tests.test_phase1_features.TestEntityExtraction" name="test_extract_crypto_wallets" time="0.134" /><testcase classname="backend.tests.test_phase1_features.TestEntityExtraction" name="test_extract_usernames" time="0.131" /><testcase classname="backend.tests.test_phase1_features.TestEntityExtraction" name="test_extract_multiple_entity_types" time="0.118" /><testcase classname="backend.tests.test_phase1_features.TestQuickIngest" name="test_ingest_text_with_entity_extraction" time="0.240" /><testcase classname="backend.tests.test_phase1_features.TestQuickIngest" name="test_ingest_text_empty_content" time="0.129" /><testcase classname="backend.tests.test_phase1_features.TestQuickIngest" name="test_ingest_url" time="0.339" /><testcase classname="backend.tests.test_phase1_features.TestAIChat" name="test_get_chat_history_empty" time="0.115" /><testcase classname="backend.tests.test_phase1_features.TestAIChat" name="test_chat_with_ai_basic" time="11.575" /><testcase classname="backend.tests.test_phase1_features.TestAIChat" name="test_chat_with_context" time="46.899" /><testcase classname="backend.tests.test_phase1_features.TestAIChat" name="test_chat_history_after_messages" time="0.148" /><testcase classname="backend.tests.test_phase1_features.TestAIChat" name="test_clear_chat_history" time="0.260" /><testcase classname="backend.tests.test_phase1_features.TestAIChatWithoutAuth" name="test_chat_without_api_key" time="0.106" /><testcase classname="backend.tests.test_phase1_features.TestEntityExtractionPatterns" name="test_onion_domain_high_risk" time="0.203" /><testcase classname="backend.tests.test_phase1_features.TestEntityExtractionPatterns" name="test_patterns_list_returned" time="0.230" /></testsuite></testsuites>