<?xml version="1.0" encoding="utf-8"?><testsuites name="pytest tests"><testsuite name="pytest" errors="0" failures="0" skipped="0" tests="22" time="12.793" timestamp="2026-03-04T13:44:35.761939+00:00" hostname="agent-env-b9c22605-516b-409a-bb34-3428200398c4"><testcase classname="backend.tests.test_investigation_api.TestHealthAndAuth" name="test_api_root" time="0.152" /><testcase classname="backend.tests.test_investigation_api.TestHealthAndAuth" name="test_auth_with_valid_key" time="0.116" /><testcase classname="backend.tests.test_investigation_api.TestHealthAndAuth" name="test_auth_with_invalid_key" time="0.107" /><testcase classname="backend.tests.test_investigation_api.TestInvestigations" name="test_list_investigations" time="0.120" /><testcase classname="backend.tests.test_investigation_api.TestInvestigations" name="test_create_investigation" time="0.120" /><testcase classname="backend.tests.test_investigation_api.TestInvestigations" name="test_get_investigation_by_id" time="0.249" /><testcase classname="backend.tests.test_investigation_api.TestInvestigations" name="test_update_investigation" time="0.222" /><testcase classname="backend.tests.test_investigation_api.TestInvestigations" name="test_delete_investigation" time="0.353" /><testcase classname="backend.tests.test_investigation_api.TestEntities" name="test_create_entity" time="0.371" /><testcase classname="backend.tests.test_investigation_api.TestEntities" name="test_list_entities" time="0.442" /><testcase classname="backend.tests.test_investigation_api.TestEntities" name="test_delete_entity" time="0.454" /><testcase classname="backend.tests.test_investigation_api.TestRelationships" name="test_create_relationship" time="0.592" /><testcase classname="backend.tests.test_investigation_api.TestRelationships" name="test_list_relationships" time="0.697" /><testcase classname="backend.tests.test_investigation_api.TestEvidence" name="test_create_evidence" time="0.346" /><testcase classname="backend.tests.test_investigation_api.TestEvidence" name="test_list_evidence" time="0.475" /><testcase classname="backend.tests.test_investigation_api.TestEvidence" name="test_delete_evidence" time="0.488" /><testcase classname="backend.tests.test_investigation_api.TestTimeline" name="test_timeline_has_creation_event" time="0.363" /><testcase classname="backend.tests.test_investigation_api.TestTimeline" name="test_timeline_records_entity_addition" time="0.475" /><testcase classname="backend.tests.test_investigation_api.TestOSINTSearch" name="test_email_search" time="0.112" /><testcase classname="backend.tests.test_investigation_api.TestOSINTSearch" name="test_domain_search" time="0.100" /><testcase classname="backend.tests.test_investigation_api.TestAIAnalysis" name="test_ai_analyze_endpoint" time="5.623" /><testcase classname="backend.tests.test_investigation_api.TestReport" name="test_generate_report" time="0.685" /></testsuite></testsuites>